00:11[Tom]: message deleted
14:18[Antonin]: vid ouvrir champagne
14:18[Antonin]: photo leGoff tenant bout de champ haut+ part de gateau
14:18[DLegoff]: photo de classe
14:18[Antonin]: photo LeGoff tenant bout de champ bas+ part de gateau
14:20[DLegoff]: (rep) phot: "Vous êtes adorables\nJe m'en souviendrais longtemps\nVous allez me manquer...même si d'ici la fin vous aurez encore des observations pour retards ou sweat à capuche.
14:21[Tom Veller]:(rep) DLeGoff ("Vous êtes adorables\nJe m'en souviendrais longtemps\nVous allez me manquer...même si d'ici la fin..."): Vous êtes au top monsieur
14:21[PH]:"C'était un plaisir monsieur"
14:24[Ethan B.]: "Avec grand plaisir monsieur"
14:24[Antonin]: (rep) DLeGoff "Vous êtes adorables\nJe m'en souviendrais longtemps\nVous allez me manquer...même si d'ici la fin..."):"Merci à vous!"
14:24[Liliane]: (rep) DLeGoff "Vous êtes adorables\nJe m'en souviendrais longtemps\nVous allez me manquer...même si d'ici la fin..."):"Contente que vus aillez aimé!!"
14:25[Ethan C.]: (rep) DLeGoff "Vous êtes adorables\nJe m'en souviendrais longtemps\nVous allez me manquer...même si d'ici la fin..."):"Merci monsieur c'est avec grand plaisir"
14:25[Victor]: vid de 13s, : "Pour que vous me justifiez un retard (emoji) gateau*3 flame(/emoji)"
15:09[Felipe]: (rep) DLeGoff "Vous êtes adorables\nJe m'en souviendrais longtemps\nVous allez me manquer...même si d'ici la fin..."):"Que du bonheur"
[System]: Antonin Kalife a changé l'icone de ce groupe photo (groupe)
17:10-->17:11 (mnif, ignore)
[System]: Igor Desgor a changé l'icône de ce groupe: photo photo
17:20
17:21[DLegoff]: "Top Igor sur la photo"
17:30[Antonin]: (rep) DLeGoff ("Top Igor sur la photo") (emoji)cry of lafter*5(/emoji)
Break (jump to : Jeudi 25)
20:30[Antonin]: photo Martin levant pousse en l'air avec assiette
20:30[Igor]: (rep) Photo Martin levant pousse en l'air avec assiette : (emoji)pers dansante*2(/emoji)
20:30[Ethan B.]: (emoji) laughin *3(/emoji)